/home/davis/.jdks/azul-22.0.2/bin/java -javaagent:/snap/intellij-idea-community/685/lib/idea_rt.jar=39333 -Dfile.encoding=UTF-8 -Dsun.stdout.encoding=UTF-8 -Dsun.stderr.encoding=UTF-8 -classpath /home/davis/Work/zxf-springboot-perf/zxf-springboot-perf-http4/target/classes:/home/davis/.m2/repository/org/springframework/boot/spring-boot-starter-web/2.7.18/spring-boot-starter-web-2.7.18.jar:/home/davis/.m2/repository/org/springframework/boot/spring-boot-starter/2.7.18/spring-boot-starter-2.7.18.jar:/home/davis/.m2/repository/org/springframework/boot/spring-boot/2.7.18/spring-boot-2.7.18.jar:/home/davis/.m2/repository/org/springframework/boot/spring-boot-autoconfigure/2.7.18/spring-boot-autoconfigure-2.7.18.jar:/home/davis/.m2/repository/org/springframework/boot/spring-boot-starter-logging/2.7.18/spring-boot-starter-logging-2.7.18.jar:/home/davis/.m2/repository/ch/qos/logback/logback-classic/1.2.12/logback-classic-1.2.12.jar:/home/davis/.m2/repository/ch/qos/logback/logback-core/1.2.12/logback-core-1.2.12.jar:/home/davis/.m2/repository/org/slf4j/slf4j-api/1.7.36/slf4j-api-1.7.36.jar:/home/davis/.m2/repository/org/apache/logging/log4j/log4j-to-slf4j/2.17.2/log4j-to-slf4j-2.17.2.jar:/home/davis/.m2/repository/org/apache/logging/log4j/log4j-api/2.17.2/log4j-api-2.17.2.jar:/home/davis/.m2/repository/org/slf4j/jul-to-slf4j/1.7.36/jul-to-slf4j-1.7.36.jar:/home/davis/.m2/repository/jakarta/annotation/jakarta.annotation-api/1.3.5/jakarta.annotation-api-1.3.5.jar:/home/davis/.m2/repository/org/springframework/spring-core/5.3.31/spring-core-5.3.31.jar:/home/davis/.m2/repository/org/springframework/spring-jcl/5.3.31/spring-jcl-5.3.31.jar:/home/davis/.m2/repository/org/yaml/snakeyaml/1.30/snakeyaml-1.30.jar:/home/davis/.m2/repository/org/springframework/boot/spring-boot-starter-json/2.7.18/spring-boot-starter-json-2.7.18.jar:/home/davis/.m2/repository/com/fasterxml/jackson/core/jackson-databind/2.13.5/jackson-databind-2.13.5.jar:/home/davis/.m2/repository/com/fasterxml/jackson/core/jackson-annotations/2.13.5/jackson-annotations-2.13.5.jar:/home/davis/.m2/repository/com/fasterxml/jackson/core/jackson-core/2.13.5/jackson-core-2.13.5.jar:/home/davis/.m2/repository/com/fasterxml/jackson/datatype/jackson-datatype-jdk8/2.13.5/jackson-datatype-jdk8-2.13.5.jar:/home/davis/.m2/repository/com/fasterxml/jackson/datatype/jackson-datatype-jsr310/2.13.5/jackson-datatype-jsr310-2.13.5.jar:/home/davis/.m2/repository/com/fasterxml/jackson/module/jackson-module-parameter-names/2.13.5/jackson-module-parameter-names-2.13.5.jar:/home/davis/.m2/repository/org/springframework/boot/spring-boot-starter-tomcat/2.7.18/spring-boot-starter-tomcat-2.7.18.jar:/home/davis/.m2/repository/org/apache/tomcat/embed/tomcat-embed-core/9.0.83/tomcat-embed-core-9.0.83.jar:/home/davis/.m2/repository/org/apache/tomcat/embed/tomcat-embed-el/9.0.83/tomcat-embed-el-9.0.83.jar:/home/davis/.m2/repository/org/apache/tomcat/embed/tomcat-embed-websocket/9.0.83/tomcat-embed-websocket-9.0.83.jar:/home/davis/.m2/repository/org/springframework/spring-web/5.3.31/spring-web-5.3.31.jar:/home/davis/.m2/repository/org/springframework/spring-beans/5.3.31/spring-beans-5.3.31.jar:/home/davis/.m2/repository/org/springframework/spring-webmvc/5.3.31/spring-webmvc-5.3.31.jar:/home/davis/.m2/repository/org/springframework/spring-aop/5.3.31/spring-aop-5.3.31.jar:/home/davis/.m2/repository/org/springframework/spring-context/5.3.31/spring-context-5.3.31.jar:/home/davis/.m2/repository/org/springframework/spring-expression/5.3.31/spring-expression-5.3.31.jar:/home/davis/.m2/repository/org/apache/httpcomponents/httpclient/4.5.14/httpclient-4.5.14.jar:/home/davis/.m2/repository/org/apache/httpcomponents/httpcore/4.4.16/httpcore-4.4.16.jar:/home/davis/.m2/repository/commons-codec/commons-codec/1.15/commons-codec-1.15.jar:/home/davis/.m2/repository/org/apache/commons/commons-lang3/3.12.0/commons-lang3-3.12.0.jar:/home/davis/Work/zxf-springboot-perf/zxf-springboot-perf-monitor/target/classes:/home/davis/.m2/repository/org/projectlombok/lombok/1.18.42/lombok-1.18.42.jar zxf.perf.PerfApplication

  .   ____          _            __ _ _
 /\\ / ___'_ __ _ _(_)_ __  __ _ \ \ \ \
( ( )\___ | '_ | '_| | '_ \/ _` | \ \ \ \
 \\/  ___)| |_)| | | | | || (_| |  ) ) ) )
  '  |____| .__|_| |_|_| |_\__, | / / / /
 =========|_|==============|___/=/_/_/_/
 :: Spring Boot ::               (v2.7.18)

2025-12-19 09:21:56.750  INFO 26836 --- [           main] zxf.perf.PerfApplication                 : Starting PerfApplication using Java 22.0.2 on davis-HKFG-XX with PID 26836 (/home/davis/Work/zxf-springboot-perf/zxf-springboot-perf-http4/target/classes started by davis in /home/davis/Work/zxf-springboot-perf)
2025-12-19 09:21:56.752  INFO 26836 --- [           main] zxf.perf.PerfApplication                 : No active profile set, falling back to 1 default profile: "default"
2025-12-19 09:21:57.274  INFO 26836 --- [           main] o.s.b.w.embedded.tomcat.TomcatWebServer  : Tomcat initialized with port(s): 8080 (http)
2025-12-19 09:21:57.279  INFO 26836 --- [           main] o.apache.catalina.core.StandardService   : Starting service [Tomcat]
2025-12-19 09:21:57.279  INFO 26836 --- [           main] org.apache.catalina.core.StandardEngine  : Starting Servlet engine: [Apache Tomcat/9.0.83]
2025-12-19 09:21:57.321  INFO 26836 --- [           main] o.a.c.c.C.[Tomcat].[localhost].[/]       : Initializing Spring embedded WebApplicationContext
2025-12-19 09:21:57.321  INFO 26836 --- [           main] w.s.c.ServletWebServerApplicationContext : Root WebApplicationContext: initialization completed in 540 ms
2025-12-19 09:21:57.490  INFO 26836 --- [           main] o.s.b.w.embedded.tomcat.TomcatWebServer  : Tomcat started on port(s): 8080 (http) with context path ''
2025-12-19 09:21:57.494  INFO 26836 --- [           main] zxf.perf.PerfApplication                 : Started PerfApplication in 0.974 seconds (JVM running for 1.173)
2025-12-19 09:22:03.441  INFO 26836 --- [nio-8080-exec-1] o.a.c.c.C.[Tomcat].[localhost].[/]       : Initializing Spring DispatcherServlet 'dispatcherServlet'
2025-12-19 09:22:03.441  INFO 26836 --- [nio-8080-exec-1] o.s.web.servlet.DispatcherServlet        : Initializing Servlet 'dispatcherServlet'
2025-12-19 09:22:03.442  INFO 26836 --- [nio-8080-exec-1] o.s.web.servlet.DispatcherServlet        : Completed initialization in 1 ms
2025-12-19 09:22:03.558 DEBUG 26836 --- [nio-8080-exec-1] h.i.c.PoolingHttpClientConnectionManager : Connection request: [route: {}->http://localhost:8089][total available: 0; route allocated: 0 of 5; total allocated: 0 of 10]
2025-12-19 09:22:03.562 DEBUG 26836 --- [nio-8080-exec-1] h.i.c.PoolingHttpClientConnectionManager : Connection leased: [id: 0][route: {}->http://localhost:8089][total available: 0; route allocated: 1 of 5; total allocated: 1 of 10]
2025-12-19 09:22:03.563 DEBUG 26836 --- [nio-8080-exec-1] .i.c.DefaultHttpClientConnectionOperator : Connecting to localhost/127.0.0.1:8089
2025-12-19 09:22:03.563 DEBUG 26836 --- [nio-8080-exec-1] .i.c.DefaultHttpClientConnectionOperator : Connection established 127.0.0.1:43392<->127.0.0.1:8089
2025-12-19 09:22:03.569 DEBUG 26836 --- [nio-8080-exec-1] h.i.c.PoolingHttpClientConnectionManager : Connection [id: 0][route: {}->http://localhost:8089] can be kept alive for 60.0 seconds
2025-12-19 09:22:03.570 DEBUG 26836 --- [nio-8080-exec-1] h.i.c.DefaultManagedHttpClientConnection : http-outgoing-0: set socket timeout to 0
2025-12-19 09:22:03.570 DEBUG 26836 --- [nio-8080-exec-1] h.i.c.PoolingHttpClientConnectionManager : Connection released: [id: 0][route: {}->http://localhost:8089][total available: 1; route allocated: 1 of 5; total allocated: 1 of 10]
2025-12-19 09:22:27.408 DEBUG 26836 --- [      Finalizer] h.i.c.PoolingHttpClientConnectionManager : Connection manager is shutting down
2025-12-19 09:22:27.409 DEBUG 26836 --- [      Finalizer] h.i.c.DefaultManagedHttpClientConnection : http-outgoing-0: Close connection
2025-12-19 09:22:27.410 DEBUG 26836 --- [      Finalizer] h.i.c.PoolingHttpClientConnectionManager : Connection manager shut down
 === [java.io.Closeable] 对象监控统计 ===
活跃实例: 0
总计创建: 1
已回收: 1 (100.0%)
疑似泄漏: 0
确认泄漏: 0
泄漏率: 0.0%
平均对象年龄: 0.0秒
